08:38:42 [INFO] [src.db_connect] Table initialization...
08:40:16 [INFO] [src.db_connect] Table initialization...
08:40:16 [INFO] [src.db_connect] Creating table usr...
08:40:53 [INFO] [src.db_connect] Table initialization...
08:40:53 [INFO] [src.db_connect] Creating table usr...
08:46:47 [INFO] [src.db_connect] Table initialization...
08:46:47 [INFO] [src.db_connect] Creating table usr...
08:49:21 [INFO] [src.db_connect] Table initialization...
08:49:21 [INFO] [src.db_connect] Creating table usr...
08:53:04 [INFO] [src.db_connect] Table initialization...
08:53:29 [INFO] [src.db_connect] Table initialization...
08:53:29 [INFO] [src.db_connect] Creating table usr...
08:54:01 [INFO] [src.db_connect] Table initialization...
08:54:01 [INFO] [src.db_connect] Creating table usr...
08:54:01 [INFO] [src.db_connect] Creating table secret...
08:54:01 [INFO] [src.db_connect] Creating table session...
08:54:01 [INFO] [src.db_connect] Database is ready to work
09:18:40 [INFO] [src.db_connect] Database is ready to work!
09:22:33 [INFO] [src.db_connect] Database is ready to work!
09:33:24 [INFO] [src.db_connect] Database is ready to work!
12:15:48 [INFO] [src.db_connect] Database is ready to work!
12:50:28 [INFO] [src.db_connect] Database is ready to work!
12:51:32 [INFO] [src.db_connect] Database is ready to work!
12:52:05 [INFO] [src.db_connect] Database is ready to work!
12:54:16 [INFO] [src.db_connect] Database is ready to work!
12:54:29 [INFO] [src.db_connect] Database is ready to work!
12:54:53 [INFO] [src.db_connect] Database is ready to work!
12:57:56 [INFO] [src.db_connect] Database is ready to work!
12:58:45 [INFO] [src.db_connect] Database is ready to work!
12:59:59 [INFO] [src.db_connect] Database is ready to work!
13:00:08 [INFO] [src.db_connect] Database is ready to work!
13:00:48 [INFO] [src.db_connect] Database is ready to work!
